<?xml version="1.0" encoding="UTF-8"?>
<testsuite name="BestContributorToSelenide" tests="3" skipped="0" failures="0" errors="0" timestamp="2024-05-11T08:25:28" hostname="HOME-PC" time="20.457">
  <properties/>
  <testcase name="openGitHubSite()" classname="BestContributorToSelenide" time="16.334"/>
  <testcase name="Проверка pop-up сообщения" classname="BestContributorToSelenide" time="1.868"/>
  <testcase name="testGitHubPopUp()" classname="BestContributorToSelenide" time="2.096"/>
  <system-out><![CDATA[]]></system-out>
  <system-err><![CDATA[[Test worker] INFO com.codeborne.selenide.impl.WebDriverThreadLocalContainer - No webdriver is bound to current thread: 1 - let's create a new webdriver
[Test worker] INFO com.codeborne.selenide.webdriver.WebDriverFactory - BrowserName=chrome Version=100.0.4896.60 Platform=linux
[Test worker] INFO com.codeborne.selenide.webdriver.WebDriverFactory - Selenide v. 6.16.1
[Test worker] INFO com.codeborne.selenide.webdriver.WebDriverFactory - Selenium WebDriver v. 4.10.0 build revision: c14d967899
[Test worker] INFO com.codeborne.selenide.drivercommands.CreateDriverCommand - Created webdriver in thread 1: RemoteWebDriver -> RemoteWebDriver: chrome on linux (bd97a46ae9da0dc6f88345ce2b116006)
[Test worker] INFO com.codeborne.selenide.drivercommands.DisposablesRegistry - Register WebDriverInstance[config=StaticConfig,webDriver=RemoteWebDriver: chrome on linux (bd97a46ae9da0dc6f88345ce2b116006),proxy=null,downloadsFolder=null] in 1 [size=1]
[Test worker] INFO com.codeborne.selenide.drivercommands.DisposablesRegistry - Add shutdown hook in 1 [size=1]
]]></system-err>
</testsuite>
