<?xml version="1.0" encoding="UTF-8"?>
<testsuite name="BestContributorToSelenide" tests="1" skipped="0" failures="1" errors="0" timestamp="2024-06-03T09:39:21" hostname="HOME-PC" time="19.266">
  <properties/>
  <testcase name="openGitHubSite()" classname="BestContributorToSelenide" time="19.266">
    <failure message="org.openqa.selenium.UnsupportedCommandException: HTTP method not allowed&#10;Command duration or timeout: 6 milliseconds&#10;Build info: version: '4.10.0', revision: 'c14d967899'&#10;System info: os.name: 'Windows 10', os.arch: 'amd64', os.version: '10.0', java.version: '17.0.10'&#10;Driver info: org.openqa.selenium.remote.RemoteWebDriver&#10;Command: [6dca9e9b-f0cb-4032-b51a-524beaf92a5e, getLog {type=browser}]&#10;Capabilities {acceptInsecureCerts: true, browserName: firefox, browserVersion: 124.0, moz:accessibilityChecks: false, moz:buildID: 20240311145044, moz:debuggerAddress: 127.0.0.1:9222, moz:geckodriverVersion: 0.34.0, moz:headless: false, moz:platformVersion: 5.15.146.1-microsoft-standa..., moz:processID: 84, moz:profile: /tmp/rust_mozprofileczycGK, moz:shutdownTimeout: 60000, moz:webdriverClick: true, moz:windowless: false, pageLoadStrategy: normal, platformName: linux, proxy: Proxy(), se:cdp: ws://127.0.0.1:4444/devtool..., se:cdpVersion: 124.0, setWindowRect: true, strictFileInteractability: false, timeouts: {implicit: 0, pageLoad: 300000, script: 30000}, unhandledPromptBehavior: accept}&#10;Session ID: 6dca9e9b-f0cb-4032-b51a-524beaf92a5e" type="org.openqa.selenium.UnsupportedCommandException">org.openqa.selenium.UnsupportedCommandException: HTTP method not allowed
Command duration or timeout: 6 milliseconds
Build info: version: '4.10.0', revision: 'c14d967899'
System info: os.name: 'Windows 10', os.arch: 'amd64', os.version: '10.0', java.version: '17.0.10'
Driver info: org.openqa.selenium.remote.RemoteWebDriver
Command: [6dca9e9b-f0cb-4032-b51a-524beaf92a5e, getLog {type=browser}]
Capabilities {acceptInsecureCerts: true, browserName: firefox, browserVersion: 124.0, moz:accessibilityChecks: false, moz:buildID: 20240311145044, moz:debuggerAddress: 127.0.0.1:9222, moz:geckodriverVersion: 0.34.0, moz:headless: false, moz:platformVersion: 5.15.146.1-microsoft-standa..., moz:processID: 84, moz:profile: /tmp/rust_mozprofileczycGK, moz:shutdownTimeout: 60000, moz:webdriverClick: true, moz:windowless: false, pageLoadStrategy: normal, platformName: linux, proxy: Proxy(), se:cdp: ws://127.0.0.1:4444/devtool..., se:cdpVersion: 124.0, setWindowRect: true, strictFileInteractability: false, timeouts: {implicit: 0, pageLoad: 300000, script: 30000}, unhandledPromptBehavior: accept}
Session ID: 6dca9e9b-f0cb-4032-b51a-524beaf92a5e
	at java.base@17.0.10/java.lang.reflect.Constructor.newInstanceWithCaller(Constructor.java:499)
	at java.base@17.0.10/java.lang.reflect.Constructor.newInstance(Constructor.java:480)
	at app//org.openqa.selenium.remote.ErrorHandler.createThrowable(ErrorHandler.java:220)
	at app//org.openqa.selenium.remote.ErrorHandler.throwIfResponseFailed(ErrorHandler.java:169)
	at app//org.openqa.selenium.remote.RemoteWebDriver.execute(RemoteWebDriver.java:570)
	at app//org.openqa.selenium.remote.RemoteWebDriver.execute(RemoteWebDriver.java:590)
	at app//org.openqa.selenium.remote.RemoteExecuteMethod.execute(RemoteExecuteMethod.java:39)
	at app//org.openqa.selenium.remote.RemoteLogs.getRemoteEntries(RemoteLogs.java:78)
	at app//org.openqa.selenium.remote.RemoteLogs.get(RemoteLogs.java:74)
	at app//com.codeborne.selenide.WebDriverLogs.getLogEntries(WebDriverLogs.java:40)
	at app//com.codeborne.selenide.WebDriverLogs.logs(WebDriverLogs.java:33)
	at app//com.codeborne.selenide.WebDriverLogs.logs(WebDriverLogs.java:27)
	at app//com.codeborne.selenide.Selenide.getWebDriverLogs(Selenide.java:840)
	at app//helpers.Attach.browserConsoleLogs(Attach.java:33)
	at app//TestBase.addAttachments(TestBase.java:45)
	at java.base@17.0.10/java.lang.reflect.Method.invoke(Method.java:568)
	at app//io.qameta.allure.junit5.AllureJunit5.processFixture(AllureJunit5.java:138)
	at app//io.qameta.allure.junit5.AllureJunit5.interceptAfterEachMethod(AllureJunit5.java:124)
	at java.base@17.0.10/java.util.ArrayList.forEach(ArrayList.java:1511)
	at java.base@17.0.10/java.util.ArrayList.forEach(ArrayList.java:1511)
</failure>
  </testcase>
  <system-out><![CDATA[]]></system-out>
  <system-err><![CDATA[[Test worker] INFO com.codeborne.selenide.impl.WebDriverThreadLocalContainer - No webdriver is bound to current thread: 1 - let's create a new webdriver
[Test worker] INFO com.codeborne.selenide.webdriver.BrowserResizer - Set browser size to 1100x1080
[Test worker] INFO com.codeborne.selenide.webdriver.WebDriverFactory - BrowserName=firefox Version=124.0 Platform=linux
[Test worker] INFO com.codeborne.selenide.webdriver.WebDriverFactory - Selenide v. 6.16.1
[Test worker] INFO com.codeborne.selenide.webdriver.WebDriverFactory - Selenium WebDriver v. 4.10.0 build revision: c14d967899
[Test worker] INFO com.codeborne.selenide.drivercommands.CreateDriverCommand - Created webdriver in thread 1: RemoteWebDriver -> RemoteWebDriver: firefox on linux (6dca9e9b-f0cb-4032-b51a-524beaf92a5e)
[Test worker] INFO com.codeborne.selenide.drivercommands.DisposablesRegistry - Register WebDriverInstance[config=StaticConfig,webDriver=RemoteWebDriver: firefox on linux (6dca9e9b-f0cb-4032-b51a-524beaf92a5e),proxy=null,downloadsFolder=null] in 1 [size=1]
[Test worker] INFO com.codeborne.selenide.drivercommands.DisposablesRegistry - Add shutdown hook in 1 [size=1]
]]></system-err>
</testsuite>
